number,value,datetime_start,datetime_complete,duration,params_ours_area_inv,params_ours_late_aggression,params_ours_mean_dist_all,params_ours_n_cross,params_ours_prod,params_ours_ships,params_ours_wnn_close_res,params_tgt_area_inv,params_tgt_late_aggression,params_tgt_mean_dist_all,params_tgt_n_cross,params_tgt_prod,params_tgt_ships,params_tgt_wnn_close_res,user_attrs_mean_rank,user_attrs_median_rank,user_attrs_top1,user_attrs_top10,user_attrs_top3,user_attrs_top5,user_attrs_total_attack,user_attrs_total_reinforce,state
42,0.35714285714285715,2026-05-20 21:53:10.565959,2026-05-20 21:53:12.346443,0 days 00:00:01.780484,-0.2948300691975847,-0.01817273977810341,0.03932654337133195,-0.2988182683861862,-1.1701111905651815,0.204549221097799,0.11695405028749456,-0.528768430658933,0.42368754082138904,0.7843947147008317,1.188446752625957,-0.3409294483940193,-0.7470609534423486,0.5767545392925912,7.530612244897959,6.0,0.14285714285714285,0.6938775510204082,0.35714285714285715,0.4897959183673469,98,92,COMPLETE
43,0.29591836734693877,2026-05-20 21:53:12.346598,2026-05-20 21:53:14.103187,0 days 00:00:01.756589,-0.042263530849650344,-0.5830691116763018,-0.8309558613909475,-0.5607280871643974,0.3419814783405669,-0.4622232400056122,-0.6254952578771286,-0.3388262818452086,1.3069056503449363,-0.2700993071385866,1.275530885905056,-0.054910506090362604,-0.39104246088329564,-0.862795497026743,9.63265306122449,7.5,0.08163265306122448,0.6326530612244898,0.29591836734693877,0.3877551020408163,98,92,COMPLETE
44,0.3673469387755102,2026-05-20 21:53:14.103350,2026-05-20 21:53:15.860132,0 days 00:00:01.756782,0.2219724335485182,-0.4138374302234024,-0.18605555356104492,-0.7283169647404086,-1.3130796783763057,-0.05516602579223745,0.3715450432300726,-0.040238762421903496,0.3095143508805426,0.08634247651716231,0.9329690448496876,-0.6059928749487677,-0.07942627605104452,0.9368391045984503,8.39795918367347,6.5,0.08163265306122448,0.6836734693877551,0.3673469387755102,0.46938775510204084,98,92,COMPLETE
45,0.19387755102040816,2026-05-20 21:53:15.860274,2026-05-20 21:53:17.608746,0 days 00:00:01.748472,0.4125586839753488,0.21287014136849097,0.6078223868022355,-0.04111177323381637,-0.9805611376808734,0.48194478276603425,0.06048093141480469,0.7084918681465672,0.11755052530517326,-0.5500204137950192,0.3703655894547757,-0.27717212703891453,-0.5838165194690355,0.14890269888490282,9.73469387755102,8.0,0.05102040816326531,0.6122448979591837,0.19387755102040816,0.41836734693877553,98,92,COMPLETE
46,0.37755102040816324,2026-05-20 21:53:17.608903,2026-05-20 21:53:19.360961,0 days 00:00:01.752058,-0.42228152615195186,-0.9625725560810104,-0.5022823590678925,-0.9721803422518827,0.024353923020244306,-0.8134492385767853,0.23166778472617866,0.278004449919713,0.6867024182645428,0.4227237007214237,1.380199192747216,-0.9160025638913181,-1.0626295800473953,1.2605733653572404,8.13265306122449,5.5,0.12244897959183673,0.6632653061224489,0.37755102040816324,0.5,98,92,COMPLETE
47,0.37755102040816324,2026-05-20 21:53:19.361116,2026-05-20 21:53:21.114289,0 days 00:00:01.753173,-0.8324739483137256,-1.0288102707373823,-1.1150705283114912,-0.895841841809675,0.02529828306281,-0.9057312112509475,0.2922960835084403,0.2688706728831006,-0.16108736344846342,0.39852897381121133,1.3705177650389135,-0.8604793567722271,-1.2027930844059063,1.257168477522559,8.13265306122449,5.0,0.12244897959183673,0.673469387755102,0.37755102040816324,0.5102040816326531,98,92,COMPLETE
48,0.32653061224489793,2026-05-20 21:53:21.114430,2026-05-20 21:53:22.880618,0 days 00:00:01.766188,-1.0613636452999253,-1.0958401115599279,-0.4435134722210564,-0.9825399622440357,0.5688231697474008,-0.9592965264907787,0.9522827377914319,0.9990911329493445,-0.08653231603363604,0.12247821766082728,1.3461255525402718,-1.326768868448734,-1.245080577741619,1.4871803016661553,8.693877551020408,6.5,0.07142857142857142,0.6632653061224489,0.32653061224489793,0.4489795918367347,98,92,COMPLETE
49,0.25510204081632654,2026-05-20 21:53:22.880779,2026-05-20 21:53:24.642543,0 days 00:00:01.761764,-0.8332548800329547,-1.3729567668295193,-1.1548548691237552,-1.4207974072149776,-0.0010060642506660757,-0.7887511984101021,0.5384995646136559,0.05074032428584252,-0.5554501077161395,0.3051005549728106,0.12850234322149645,-0.9598586076188378,-1.0714948842128065,1.3237586224422637,8.918367346938776,7.0,0.05102040816326531,0.6428571428571429,0.25510204081632654,0.37755102040816324,98,92,COMPLETE
50,0.30612244897959184,2026-05-20 21:53:24.642688,2026-05-20 21:53:26.396241,0 days 00:00:01.753553,-0.4221824119998352,-1.230098711344812,-1.3020889459975962,-1.1107198925279407,0.09829548139330295,-1.0611561370778986,0.25848871822192065,0.45764426742490993,-0.184385597556046,1.080797175607919,1.348580377216966,-1.0559469483585042,-1.3763921793644633,1.2714568529576904,8.13265306122449,6.0,0.14285714285714285,0.6938775510204082,0.30612244897959184,0.47959183673469385,98,92,COMPLETE
51,0.3877551020408163,2026-05-20 21:53:26.396383,2026-05-20 21:53:28.154830,0 days 00:00:01.758447,-0.5676304986084446,-0.8721972173818683,-0.5970193203446225,-0.9163044845687252,0.2809625268121567,-0.833529316582932,-0.1912738820911526,0.2686010165307742,0.5285354390816033,0.4470696455423129,1.4434268234698675,-0.8102580916155904,-1.0928959672163128,1.1628850692449095,8.10204081632653,5.5,0.10204081632653061,0.6428571428571429,0.3877551020408163,0.5,98,92,COMPLETE
52,0.32653061224489793,2026-05-20 21:53:28.154993,2026-05-20 21:53:29.934216,0 days 00:00:01.779223,-0.759553660679021,-0.9382820552686504,-0.9138579985426463,-0.9168305422785813,0.2672112819903594,-0.7821770076705642,-0.36416584229547594,0.20857301513018017,0.6609696476248941,0.7535623279060069,1.1578709752126768,-0.8075158519024117,-1.0644379283794736,1.0289604168661242,8.051020408163266,6.0,0.14285714285714285,0.6836734693877551,0.32653061224489793,0.47959183673469385,98,92,COMPLETE
53,0.336734693877551,2026-05-20 21:53:29.934365,2026-05-20 21:53:31.696896,0 days 00:00:01.762531,-0.5771210728209393,-1.0938111763604208,-0.6341224306434898,-0.8559416073289183,-0.031209910807336014,-1.1993289946340095,-0.6518627808363053,-1.4645526048236477,0.9145656824726174,0.5660818756837644,1.3904083172592059,-1.1428849644091537,-1.1937195094449513,1.3588302811937722,7.979591836734694,5.0,0.11224489795918367,0.6632653061224489,0.336734693877551,0.5102040816326531,98,92,COMPLETE
54,0.3979591836734694,2026-05-20 21:53:31.697039,2026-05-20 21:53:33.461485,0 days 00:00:01.764446,-1.2094043864407777,-0.8832515979235738,-1.1077915392369972,-1.3113757966719306,-0.37007876345322893,-0.2965796168148973,0.20479458025679628,0.10140997109219366,0.534157545094521,0.15987200839246252,1.1654241986188656,-0.7072448841457895,-0.9641915706919271,0.879744591629284,8.23469387755102,5.5,0.10204081632653061,0.6428571428571429,0.3979591836734694,0.5,98,92,COMPLETE
55,0.336734693877551,2026-05-20 21:53:33.461628,2026-05-20 21:53:35.233476,0 days 00:00:01.771848,-0.9251287284014611,1.4960624128947613,-1.0809308444753176,-1.3982616649546213,-0.39900261050111874,-0.43670124590799514,-1.4809691826220548,-0.025268325262492064,0.16034298850752404,0.2024947235155277,1.2229864311368068,-1.3152364298894188,-1.345411837635981,1.1444344135022761,8.653061224489797,6.0,0.08163265306122448,0.6632653061224489,0.336734693877551,0.46938775510204084,98,92,COMPLETE
56,0.3979591836734694,2026-05-20 21:53:35.233617,2026-05-20 21:53:36.983522,0 days 00:00:01.749905,-1.2531567845363831,-1.2513607504574382,-1.292170481307511,-1.2360151308998455,0.05411314172555158,-0.6327422534158682,0.7266945279760985,0.05286103721110355,0.3511161128990936,0.0025012131237312496,1.0833573290153957,-0.6826354449771452,-0.9104059768743828,0.7910808559667928,8.408163265306122,6.0,0.09183673469387756,0.6224489795918368,0.3979591836734694,0.46938775510204084,98,92,COMPLETE
57,0.3469387755102041,2026-05-20 21:53:36.983679,2026-05-20 21:53:38.740170,0 days 00:00:01.756491,-1.2357603501570127,-1.2326452831759178,-1.260571809042644,-1.256621054478582,0.38093102635364356,-0.32374984082484004,0.7286364234235821,0.09110986270983051,0.7290705087449334,-0.01028156572133023,0.8936959944848231,-0.690765458530147,-0.900795722149391,0.460204192989059,8.775510204081632,6.0,0.07142857142857142,0.6224489795918368,0.3469387755102041,0.46938775510204084,98,92,COMPLETE
58,0.3673469387755102,2026-05-20 21:53:38.740326,2026-05-20 21:53:40.499546,0 days 00:00:01.759220,-1.2899388927934545,-1.4992923126781146,-0.7322527662409731,-1.4892392122287443,-0.34573412833415085,-0.6513345681319309,0.49336579068996655,-0.10086437082084737,0.33576108962461476,-0.12377505220629306,1.0273332090830216,-0.9761519102610658,-1.0391768943207809,0.7914547239822572,8.86734693877551,6.5,0.07142857142857142,0.6326530612244898,0.3673469387755102,0.4387755102040816,98,92,COMPLETE
59,0.3163265306122449,2026-05-20 21:53:40.499703,2026-05-20 21:53:42.262072,0 days 00:00:01.762369,-1.4379361158423911,-1.3790746499791204,-0.5623994496246262,-1.1237452881415442,0.28261914002524713,-0.6201140353342844,0.9339279503975757,0.3699968335466868,0.4983397446898185,0.0667724591490088,0.6340118496435143,-0.7786366620732731,-0.8403693989209206,-0.27732178281712383,9.571428571428571,8.0,0.10204081632653061,0.6122448979591837,0.3163265306122449,0.3979591836734694,98,92,COMPLETE
60,0.3673469387755102,2026-05-20 21:53:42.262221,2026-05-20 21:53:44.036454,0 days 00:00:01.774233,-1.1234572923422206,-0.8821563710901742,-1.414813331782219,-1.2347945917147838,-0.5055476436763817,-0.48081419884784116,0.7666986869277014,0.12943871562561077,1.145314128334718,0.17360341295355589,1.0996688458961537,-0.6140814878886196,-1.486798944815167,0.9361095752328917,8.153061224489797,6.0,0.09183673469387756,0.6836734693877551,0.3673469387755102,0.46938775510204084,98,92,COMPLETE
61,0.35714285714285715,2026-05-20 21:53:44.036606,2026-05-20 21:53:45.795069,0 days 00:00:01.758463,-1.1156326690372542,-1.0401646100912472,-1.1551588792471421,-1.325972614580903,0.06334100909485571,-0.9596599901332401,0.22742320581845848,0.26367099644820735,-0.15147491535788107,0.33229669054883193,1.2139511611383402,-0.8547744269881573,-1.1900844939784854,1.0768179049065039,8.244897959183673,5.5,0.09183673469387756,0.673469387755102,0.35714285714285715,0.5,98,92,COMPLETE
62,0.32653061224489793,2026-05-20 21:53:45.795220,2026-05-20 21:53:47.557091,0 days 00:00:01.761871,-1.295940934041734,-1.1765260472029853,-0.9041879782838697,-1.0278258496350743,0.48340179622682966,-0.8196150858892085,0.3576632717800725,0.44321884056424365,0.051656320940920375,0.39922592105968974,1.3887165380287099,-1.0282980774919894,-1.3147367706551956,1.178755728273241,8.306122448979592,6.0,0.09183673469387756,0.673469387755102,0.32653061224489793,0.4897959183673469,98,92,COMPLETE
63,0.3673469387755102,2026-05-20 21:53:47.557240,2026-05-20 21:53:49.320338,0 days 00:00:01.763098,-1.0127939599080291,-0.957583420439424,-1.0382154142879407,-0.8551464161314468,-0.08885347364544254,-0.894610355174086,0.4713536788327438,0.15853206261028907,0.3410349055613406,0.6498672519067137,1.4942655206097972,-0.6954404326525191,-0.9996408407464563,0.9682287363673474,7.928571428571429,5.0,0.1326530612244898,0.673469387755102,0.3673469387755102,0.5204081632653061,98,92,COMPLETE
64,0.336734693877551,2026-05-20 21:53:49.320497,2026-05-20 21:53:51.091195,0 days 00:00:01.770698,-0.6918857178187436,-0.7778747622553381,-1.2407879399358905,-0.7450422442150717,0.048693049971164706,-0.6816168442096118,0.17090638585420992,-0.11835199891958953,-0.31345788442306666,0.5138426887611353,0.7912189498455587,-0.4833934432588807,-0.8317393390836972,0.8388549765176819,7.969387755102041,6.0,0.11224489795918367,0.7040816326530612,0.336734693877551,0.4897959183673469,98,92,COMPLETE
65,0.3469387755102041,2026-05-20 21:53:51.091352,2026-05-20 21:53:52.869351,0 days 00:00:01.777999,-0.5198239959941295,-1.3103440803711888,-1.47687146945252,-0.9263696109976731,0.22966847299933896,-0.2359335578566646,0.0011018040750986335,-0.2907397691386482,0.8254797213108722,0.896860676276178,0.9981924391521351,-0.8938233675639915,-1.1158811549034462,1.2576341663034294,7.908163265306122,6.0,0.11224489795918367,0.673469387755102,0.3469387755102041,0.46938775510204084,98,92,COMPLETE
66,0.3163265306122449,2026-05-20 21:53:52.869504,2026-05-20 21:53:54.644571,0 days 00:00:01.775067,-0.8023338362541701,-0.5174913292843314,-0.8180866002562242,-1.069459535517818,-0.2785879815793096,-1.2639257483440818,0.6375648599097037,0.3041548842749625,0.6794247636385572,0.36185734257727137,1.2626268259702345,-1.233546524764064,-1.1361559796898073,0.5497877091058703,8.846938775510203,7.0,0.11224489795918367,0.6326530612244898,0.3163265306122449,0.4489795918367347,98,92,COMPLETE
67,0.3979591836734694,2026-05-20 21:53:54.644727,2026-05-20 21:53:56.414042,0 days 00:00:01.769315,-1.4808754923171379,-0.6485620986066837,-0.5519273147780784,-1.166833990128662,0.11863748159575165,-0.3752707902071202,-0.19037919534404438,0.0512349793483929,0.5270279046577562,0.032590225548048524,1.1369329455799169,-0.589101201865297,-0.6433505730515896,0.7251128065944556,8.387755102040817,6.0,0.09183673469387756,0.6428571428571429,0.3979591836734694,0.47959183673469385,98,92,COMPLETE
68,0.3877551020408163,2026-05-20 21:53:56.414188,2026-05-20 21:53:58.227108,0 days 00:00:01.812920,-1.4877212962361295,-0.6801651410140779,-0.33512338291610694,-1.3400234447081767,0.6050871115846727,-0.37694143527485935,-0.16562385348319508,-0.6126698069650758,0.546446542999938,-0.05516978601709613,1.1417255505136055,-0.2530236242785297,-0.651889880347934,0.2099259817696426,8.285714285714286,6.0,0.10204081632653061,0.6428571428571429,0.3877551020408163,0.46938775510204084,98,92,COMPLETE
69,0.3163265306122449,2026-05-20 21:53:58.227281,2026-05-20 21:54:00.020667,0 days 00:00:01.793386,-1.4844369735447969,-0.6908679545774746,-0.3277700705148051,-1.3046376370610888,0.9765004497421974,-0.3471951404348109,-0.23709881992425486,-0.6218888148018265,0.5399819286370862,-0.039727140944114836,0.4930825212075377,-0.22304159830555403,-0.6574614441124049,0.25298209805186245,8.489795918367347,7.5,0.09183673469387756,0.6122448979591837,0.3163265306122449,0.45918367346938777,98,92,COMPLETE
70,0.336734693877551,2026-05-20 21:54:00.020820,2026-05-20 21:54:01.796494,0 days 00:00:01.775674,-1.3572672234637464,-0.2981908188855504,-0.32101710343268147,-1.1694149115445696,0.8097390913940564,-0.1706696197399131,-0.11822296910139388,-0.8368045996434745,0.20772188446678883,0.03407914529377623,0.8672412731773184,-0.07702254043259266,-0.41533748734005704,-0.05683260344305624,8.142857142857142,6.0,0.11224489795918367,0.6836734693877551,0.336734693877551,0.4489795918367347,98,92,COMPLETE
71,0.336734693877551,2026-05-20 21:54:01.796644,2026-05-20 21:54:03.633305,0 days 00:00:01.836661,-1.1999645430389008,-0.8523964651830707,-0.5801062208266824,-1.4807603589464442,0.6043277436162093,-0.0053287364470289145,-0.19608597506800982,0.07091867582374456,0.5681820642478941,0.21180015663908597,1.1469991041508503,-0.5660867809353456,-0.6922632233171455,0.640338439369522,8.214285714285714,5.0,0.09183673469387756,0.6530612244897959,0.336734693877551,0.5204081632653061,98,92,COMPLETE
72,0.37755102040816324,2026-05-20 21:54:03.633548,2026-05-20 21:54:05.409910,0 days 00:00:01.776362,-1.352613782903162,-0.6121188318559985,-0.13334456465465028,-1.3266265131263852,0.709506638014446,-0.5484768295293945,-0.058058400995517956,-0.04540144493322193,0.36366148573661233,-0.13460311010764658,1.0955480069877475,-0.43349237834404786,-0.8352649992004586,0.3958910333852734,8.448979591836734,5.5,0.07142857142857142,0.6530612244897959,0.37755102040816324,0.5,98,92,COMPLETE
73,0.3469387755102041,2026-05-20 21:54:05.410066,2026-05-20 21:54:07.191948,0 days 00:00:01.781882,-1.1709883972045592,-0.4761276283172197,-0.5007884424078558,-1.1843764191319182,0.43099394948768727,-0.3648798691025385,-0.35935341304650914,0.3963821469446097,0.9635554434887343,-0.2956787046172452,1.2804366890115388,-0.6705470374982263,-0.6008547416275332,0.4677563212725502,8.877551020408163,6.5,0.07142857142857142,0.6428571428571429,0.3469387755102041,0.46938775510204084,98,92,COMPLETE
74,0.35714285714285715,2026-05-20 21:54:07.192131,2026-05-20 21:54:09.056190,0 days 00:00:01.864059,-1.4905999544887483,-0.6376901916355854,-0.003702011593355481,-0.9821151061064548,0.10035972651320313,-0.7360894277858188,-0.472446037163039,0.5195511281732555,0.6425834281119899,0.11565227448187532,0.9561496634998894,-0.7577663691875931,-0.9828793022115891,0.7108765073331473,8.60204081632653,6.5,0.08163265306122448,0.6428571428571429,0.35714285714285715,0.45918367346938777,98,92,COMPLETE
75,0.29591836734693877,2026-05-20 21:54:09.056355,2026-05-20 21:54:10.916170,0 days 00:00:01.859815,-0.3634125738944951,-0.748223539620017,-0.07340576167689444,-1.3198476359635256,0.15296894280667017,-0.5502319955944303,0.05464655066157659,0.17115611727159047,0.48833080531041007,0.2623323021783383,-0.17347751957887336,0.04062713779327404,-0.42490898361338203,0.8429265221512738,8.081632653061224,7.0,0.08163265306122448,0.7244897959183674,0.29591836734693877,0.4489795918367347,98,92,COMPLETE
76,0.15306122448979592,2026-05-20 21:54:10.916338,2026-05-20 21:54:12.749412,0 days 00:00:01.833074,-0.19580761728288604,-0.9033472420681793,0.35947619518198026,-1.1386428668537265,0.5429897514342894,-0.292459651440146,1.3300672618065772,-0.3963918029140555,0.8170291961943534,-0.18233132308551322,-0.8466670060512211,-0.31675223179969747,-0.7788015255858163,-0.5190328800306379,11.346938775510203,9.5,0.061224489795918366,0.5408163265306123,0.15306122448979592,0.2653061224489796,98,92,COMPLETE
77,0.336734693877551,2026-05-20 21:54:12.749569,2026-05-20 21:54:14.555490,0 days 00:00:01.805921,-0.9402010770307225,-0.801156999191142,-0.6768336551186069,-0.7880637147251162,1.154644779192578,0.1044769110690465,-1.162768963269499,-1.001441181414231,0.38943989407504703,-0.06053148575443147,1.0469560555118238,-0.1664291536530404,-0.3354787759016489,1.0798621032058573,7.8979591836734695,6.5,0.1326530612244898,0.6836734693877551,0.336734693877551,0.41836734693877553,98,92,COMPLETE
78,0.35714285714285715,2026-05-20 21:54:14.555639,2026-05-20 21:54:16.337380,0 days 00:00:01.781741,-0.09403169665801869,-1.1468067634395553,-0.38025738936078235,-0.6290124698021505,-0.14816995431452962,-0.42547339413988683,-0.5859873866808936,-0.2397171808867954,0.2705856677588942,0.4924288346486534,1.4325663599648335,-0.476803903880628,-0.48796297468831984,-0.7866246968220758,8.816326530612244,7.0,0.1326530612244898,0.673469387755102,0.35714285714285715,0.3979591836734694,98,92,COMPLETE
79,0.336734693877551,2026-05-20 21:54:16.337530,2026-05-20 21:54:18.121312,0 days 00:00:01.783782,-1.3963922193445386,-1.0218914346389747,0.09698099724889908,-1.4127817489423038,-0.7042715444059119,-0.09889312139342343,-0.295484876722564,0.04002563616111143,0.7261997515551097,0.1651169877072169,0.7444696900514822,-0.5552465874467922,-0.8638511948218981,-0.044936566168455705,8.96938775510204,7.5,0.11224489795918367,0.6326530612244898,0.336734693877551,0.3877551020408163,98,92,COMPLETE
80,0.16326530612244897,2026-05-20 21:54:18.121469,2026-05-20 21:54:19.895900,0 days 00:00:01.774431,-1.2837289309208197,-0.582004674846295,-0.5147336917897345,-1.2603901359824288,0.32432156753062347,-0.2333606143088669,0.8341735932137762,0.7177645406735924,0.5715291923550295,-0.5219882718495452,-1.0456818163056592,-0.41095859563600035,-0.7335337260761856,0.736016971482972,10.704081632653061,10.0,0.07142857142857142,0.5510204081632653,0.16326530612244897,0.25510204081632654,98,92,COMPLETE
81,0.35714285714285715,2026-05-20 21:54:19.896045,2026-05-20 21:54:21.678182,0 days 00:00:01.782137,-0.39670516546800166,-1.0816640134903064,-0.7328566274658231,-1.0684835512238735,-0.04095665703709206,-0.8643798216334524,0.27661035769801834,0.2602990721948944,0.49218998620788823,0.4068702263689699,1.3346773181069154,-0.813722247097924,-0.9607994936394473,1.4391379609277015,8.214285714285714,6.0,0.09183673469387756,0.673469387755102,0.35714285714285715,0.4897959183673469,98,92,COMPLETE
82,0.336734693877551,2026-05-20 21:54:21.678330,2026-05-20 21:54:23.459009,0 days 00:00:01.780679,-0.26254764956897825,-0.9753674649741324,-0.9505460813792131,-0.9105988291556915,0.15455364052335874,-0.7191792889316666,0.16146179075078304,0.608295593562061,0.6289373499192789,0.306351946542488,1.2069086617559397,-0.9226519771988069,-1.2098682773598357,0.9027699336969527,8.479591836734693,6.0,0.09183673469387756,0.6428571428571429,0.336734693877551,0.46938775510204084,98,92,COMPLETE
83,0.3469387755102041,2026-05-20 21:54:23.459159,2026-05-20 21:54:25.234764,0 days 00:00:01.775605,-0.6054434819227578,-0.709184310450059,-0.8388724642466987,-0.6974972492412004,0.03478230909325393,-1.0664131344818002,0.31753663155317047,0.3457308328207299,0.040910569969180854,0.6952035328387856,1.4019729030791397,-0.6323076732880423,-1.385127024281132,0.6134736412031077,8.142857142857142,5.5,0.11224489795918367,0.6938775510204082,0.3469387755102041,0.5,98,92,COMPLETE
84,0.3469387755102041,2026-05-20 21:54:25.234930,2026-05-20 21:54:27.015175,0 days 00:00:01.780245,-0.5187039775982918,-0.8236863717182006,-1.3112059462350067,-1.0093903913627438,-0.2435220935854887,-0.9625973592434763,-0.059678451746575004,-0.11357413467870042,-0.05506879357855532,0.057476927706072045,1.1597082155399132,-1.1082635102854663,-0.6374424467242894,1.219667132311152,8.683673469387756,6.5,0.09183673469387756,0.6632653061224489,0.3469387755102041,0.45918367346938777,98,92,COMPLETE
85,0.336734693877551,2026-05-20 21:54:27.015341,2026-05-20 21:54:28.796741,0 days 00:00:01.781400,0.03265316803972293,-1.3085138915752417,-1.1513673518104064,-0.1857534763206732,-0.9847208965648832,-0.6106950391457779,-0.1543913477756344,0.12281624476190436,0.17597526577287398,0.6045876168909701,1.296130601609067,-0.844001239491126,-1.1370049727202702,1.3184544841958985,8.081632653061224,5.5,0.12244897959183673,0.673469387755102,0.336734693877551,0.5,98,92,COMPLETE
