number,value,datetime_start,datetime_complete,duration,params_ours_area_inv,params_ours_late_aggression,params_ours_mean_dist_all,params_ours_n_cross,params_ours_prod,params_ours_ships,params_ours_wnn_close_res,params_tgt_area_inv,params_tgt_late_aggression,params_tgt_mean_dist_all,params_tgt_n_cross,params_tgt_prod,params_tgt_ships,params_tgt_wnn_close_res,user_attrs_mean_rank,user_attrs_median_rank,user_attrs_top1,user_attrs_top10,user_attrs_top3,user_attrs_top5,user_attrs_total_attack,user_attrs_total_reinforce,state
129,0.3877551020408163,2026-05-20 21:55:45.558878,2026-05-20 21:55:47.313350,0 days 00:00:01.754472,-1.259865805162134,0.9686565945931501,-1.2280470458699577,0.8125232283989346,0.05653270916584954,-0.08130253073576588,0.6100456291726857,0.2391881228724924,0.11540437503547368,0.2628713561372571,1.3504170378944884,-0.5444901433286086,-0.7304455921308771,0.8012770311387138,8.112244897959183,5.0,0.11224489795918367,0.6530612244897959,0.3877551020408163,0.5102040816326531,98,92,COMPLETE
130,0.37755102040816324,2026-05-20 21:55:47.313505,2026-05-20 21:55:49.092824,0 days 00:00:01.779319,-1.4063024834507372,1.2535613618665524,-1.3650296472735586,0.646773197599259,0.2654281874386952,0.04180519301304694,0.5122461820561497,-0.004652051818221675,0.054891743300087725,-0.04022116219658878,1.129084868680552,1.4764932384857792,-0.6399451353287294,1.0537608987690799,8.13265306122449,6.0,0.15306122448979592,0.6938775510204082,0.37755102040816324,0.4897959183673469,98,92,COMPLETE
131,0.3979591836734694,2026-05-20 21:55:49.092978,2026-05-20 21:55:50.856564,0 days 00:00:01.763586,-1.3296325876159207,1.0739588664283497,-0.7780609970619914,0.6119121407556114,0.04935476276826002,-0.0024521278944590885,0.3112270138198086,0.17262268651554222,0.2189970830520806,0.21654577393164198,1.253477473810578,-0.4768968793392242,-0.8025403007996791,0.9427022710623637,8.071428571428571,5.0,0.09183673469387756,0.6530612244897959,0.3979591836734694,0.5102040816326531,98,92,COMPLETE
132,0.3979591836734694,2026-05-20 21:55:50.856723,2026-05-20 21:55:52.615401,0 days 00:00:01.758678,-1.366330998177011,0.9944387346161679,-0.7025042653617255,0.4804890407220207,0.20592304063157596,0.021743573053162466,0.1767338538593004,0.15908046509943202,0.011112702517697914,0.21663837752516746,1.2291465997694369,-0.4690453056317679,-0.8049428196023278,0.9238469800942652,8.10204081632653,5.0,0.09183673469387756,0.6530612244897959,0.3979591836734694,0.5102040816326531,98,92,COMPLETE
133,0.3877551020408163,2026-05-20 21:55:52.615551,2026-05-20 21:55:54.382617,0 days 00:00:01.767066,-1.2013947917580585,1.0505565055912764,-0.6569326397175909,0.5835515295826176,0.3492292928490305,-0.004834175398440957,0.13509544232291082,0.1584677325347771,0.03978415690706033,0.22001639453179306,1.2420389168244443,-0.5983226821989798,-0.8008211487152427,0.9748405405320769,8.214285714285714,5.5,0.07142857142857142,0.6530612244897959,0.3877551020408163,0.5,98,92,COMPLETE
134,0.3673469387755102,2026-05-20 21:55:54.382777,2026-05-20 21:55:56.148303,0 days 00:00:01.765526,-1.332329213043709,0.8434193109947776,-0.7226989007151732,0.467141522484646,0.06163640460634778,0.11628978402451537,0.2671291349949302,0.09080322334331273,0.1873663255587576,0.48392628407928207,1.3286153194008015,-0.46937060532211744,-0.948821511826872,1.1894043174816495,7.836734693877551,6.0,0.10204081632653061,0.6836734693877551,0.3673469387755102,0.4897959183673469,98,92,COMPLETE
135,0.3673469387755102,2026-05-20 21:55:56.148458,2026-05-20 21:55:57.910257,0 days 00:00:01.761799,-1.0002974086312073,0.963091414715116,-0.915504224099887,0.7492005171018212,0.19768402941078722,0.6726302707536905,0.1932087392139277,0.30511357898127445,-0.04334842606975842,0.36927027203181684,1.0720012480630552,-0.3759328735815981,-0.8560356971471395,1.1101973412110242,8.020408163265307,6.0,0.12244897959183673,0.6632653061224489,0.3673469387755102,0.4489795918367347,98,92,COMPLETE
136,0.2857142857142857,2026-05-20 21:55:57.910404,2026-05-20 21:55:59.731459,0 days 00:00:01.821055,-1.1139904372152698,1.149412961847197,-0.7915944511347192,0.917508069933917,0.13193823185016493,0.19317705814521613,0.3473765754157514,0.21503788605660096,0.2304161437553584,0.09177407277209819,1.2067482614322986,-0.7184970323932492,0.775650881227989,0.8442532377579014,8.622448979591837,7.0,0.11224489795918367,0.6632653061224489,0.2857142857142857,0.4387755102040816,98,92,COMPLETE
137,0.40816326530612246,2026-05-20 21:55:59.731609,2026-05-20 21:56:01.538558,0 days 00:00:01.806949,0.9027764490316863,1.28900315763486,-0.6049059433270868,0.306333722983716,0.20719291528174544,0.0327971102842507,0.4373999362137086,0.3816087847027281,0.07734744398265314,0.31150092280748526,1.4996153036245767,-0.5085152393124288,-0.7515575948294091,0.9294258385346581,8.020408163265307,5.0,0.09183673469387756,0.6836734693877551,0.40816326530612246,0.5204081632653061,98,92,COMPLETE
138,0.21428571428571427,2026-05-20 21:56:01.538722,2026-05-20 21:56:03.301343,0 days 00:00:01.762621,1.0384385708394575,1.31442998582135,-0.6836550676857431,0.3022100707808896,0.20715178158059483,0.025680527713580585,0.4410880258204732,0.39008900161148163,0.06464397588459567,0.3218363688798744,-1.3441568171097018,-0.5001846906983307,-0.745762538478913,0.9254646219567283,9.918367346938776,9.0,0.061224489795918366,0.6122448979591837,0.21428571428571427,0.3469387755102041,98,92,COMPLETE
139,0.40816326530612246,2026-05-20 21:56:03.301500,2026-05-20 21:56:05.064998,0 days 00:00:01.763498,-1.3872288210968808,1.4590093761836527,-0.9773891652573931,0.45384821488108607,0.052533384499027516,-0.23158839392465488,0.37741911549043244,0.04549189951281699,-0.013694904539252928,0.23307772511194808,1.365810276731698,-0.39192874340963507,-0.916091967583523,0.7435748378206377,7.8979591836734695,5.0,0.09183673469387756,0.6632653061224489,0.40816326530612246,0.5204081632653061,98,92,COMPLETE
140,0.40816326530612246,2026-05-20 21:56:05.065156,2026-05-20 21:56:06.822178,0 days 00:00:01.757022,1.2193982468207514,1.4670412355601252,-1.0221095217945628,0.21454246983752678,0.043715512308869366,-0.20434754593369975,0.5338744861561068,0.01667675427989566,-0.11453969126484495,0.23124860354000712,1.3613566036708458,-0.3987525682533665,-0.9202417519367271,0.7305876334941265,7.918367346938775,5.0,0.09183673469387756,0.6530612244897959,0.40816326530612246,0.5204081632653061,98,92,COMPLETE
141,0.3979591836734694,2026-05-20 21:56:06.822316,2026-05-20 21:56:08.572254,0 days 00:00:01.749938,1.4138496824911488,1.47645366524867,-0.934881283957738,0.23464750738091772,0.05041930403869507,-0.21183329045445823,0.4866977440687196,0.022908912029263165,-0.09177138881172836,0.28621301327241355,1.3513333621459613,-0.38651395832518165,-0.9149850122947115,0.7450137867161497,7.857142857142857,5.0,0.11224489795918367,0.6632653061224489,0.3979591836734694,0.5204081632653061,98,92,COMPLETE
142,0.3979591836734694,2026-05-20 21:56:08.572407,2026-05-20 21:56:10.327318,0 days 00:00:01.754911,1.3009720662468394,1.4119156872950358,-1.0629488095186779,0.15219814102081552,0.034992743424322154,-0.09848931839073034,0.7253205130087869,0.06905692146023262,0.11762606910083845,0.1842178065639558,1.4846975872531363,-0.5374247617929273,-0.7155576646105866,0.8339706170295608,8.081632653061224,5.0,0.08163265306122448,0.6632653061224489,0.3979591836734694,0.5102040816326531,98,92,COMPLETE
143,0.40816326530612246,2026-05-20 21:56:10.327477,2026-05-20 21:56:12.089500,0 days 00:00:01.762023,0.5900941858637541,1.2931509021361884,-0.9608619614872178,0.4126188091800198,-0.06198931693318205,-0.33828809410677046,0.5593800351177811,-0.05693697189424868,-0.1936893012728344,0.10637161623212879,1.2724689790548207,-0.6757211178365332,-0.9619632092481752,0.6985290005410684,8.224489795918368,5.0,0.08163265306122448,0.6530612244897959,0.40816326530612246,0.5204081632653061,98,92,COMPLETE
144,0.40816326530612246,2026-05-20 21:56:12.089653,2026-05-20 21:56:13.847635,0 days 00:00:01.757982,0.898270053902158,1.242969493812555,-1.165317800039952,0.43010120063846485,-0.07144110372346807,-0.3191009125939424,0.5864592298516196,-0.0342479441013709,-0.43383197283188774,0.10316378090712777,1.392845617375286,-0.6614002931344949,-1.0170833337475282,0.7022180478405005,8.275510204081632,5.5,0.07142857142857142,0.6632653061224489,0.40816326530612246,0.5,98,92,COMPLETE
145,0.3979591836734694,2026-05-20 21:56:13.847793,2026-05-20 21:56:15.598773,0 days 00:00:01.750980,0.7853634358474,1.2936994878472834,-0.9959633970831764,0.450504413343028,-0.11341578495811597,-0.3225633570152867,0.593770930818368,-0.08413064145036642,-0.1957383630134726,0.1259233373520491,1.4987843224705664,-0.6369480238944353,-0.9983807079278196,0.7069970939974553,8.275510204081632,5.0,0.08163265306122448,0.6530612244897959,0.3979591836734694,0.5102040816326531,98,92,COMPLETE
146,0.40816326530612246,2026-05-20 21:56:15.598920,2026-05-20 21:56:17.352636,0 days 00:00:01.753716,1.186416645798953,1.3981515193032892,-1.1595584110871322,0.3077961684367654,-0.06058308743162735,-0.24036958332662464,0.5431667879678327,-0.0270924274005023,-0.47831947512618284,0.01654936694268458,1.3807715470921822,-0.6821481096196421,-0.957349249061615,0.6699102436809237,8.39795918367347,6.0,0.07142857142857142,0.6836734693877551,0.40816326530612246,0.4897959183673469,98,92,COMPLETE
147,0.40816326530612246,2026-05-20 21:56:17.352791,2026-05-20 21:56:19.108968,0 days 00:00:01.756177,1.2150643264364451,1.3977340468472337,-1.1865128720029705,0.21277775264314266,-0.051054059933970844,-0.25613105576745226,0.5481433600507222,-0.040174483523476814,-0.6680876387509904,0.025747449561579774,1.3912502951150474,-0.6794926151549513,-0.9554958712602506,0.6686605558176429,8.438775510204081,6.0,0.07142857142857142,0.673469387755102,0.40816326530612246,0.4897959183673469,98,92,COMPLETE
148,0.3979591836734694,2026-05-20 21:56:19.109117,2026-05-20 21:56:20.862952,0 days 00:00:01.753835,1.1992006564107682,1.4413443219053197,-1.2203852707380178,0.26918186451574005,-0.06693477103281334,-0.42467666364312406,0.6598014965638554,-0.22476645002722928,-0.5206178389875328,-0.024203435247244116,1.4108674361376208,-0.7252573656347316,-1.0285923648127522,0.6846776577346527,8.448979591836734,5.5,0.07142857142857142,0.6632653061224489,0.3979591836734694,0.5,98,92,COMPLETE
149,0.3979591836734694,2026-05-20 21:56:20.863118,2026-05-20 21:56:22.647777,0 days 00:00:01.784659,1.1134773000389178,1.3842886267289798,-1.160310802291708,0.09847982222218421,-0.04444010227817972,-0.2710939826866819,0.7103618811998174,-0.014760928965310782,-0.7092462128606806,0.02416965664399142,1.4036408184287066,-0.8238189180077853,-0.9188969947783094,0.7477881674696959,8.418367346938776,6.0,0.07142857142857142,0.673469387755102,0.3979591836734694,0.4897959183673469,98,92,COMPLETE
