number,value,datetime_start,datetime_complete,duration,params_ours_area_inv,params_ours_late_aggression,params_ours_mean_dist_all,params_ours_n_cross,params_ours_prod,params_ours_ships,params_ours_wnn_close_res,params_tgt_area_inv,params_tgt_late_aggression,params_tgt_mean_dist_all,params_tgt_n_cross,params_tgt_prod,params_tgt_ships,params_tgt_wnn_close_res,user_attrs_mean_rank,user_attrs_median_rank,user_attrs_top1,user_attrs_top10,user_attrs_top3,user_attrs_top5,user_attrs_total_attack,user_attrs_total_reinforce,state
86,0.2653061224489796,2026-05-20 21:54:28.796883,2026-05-20 21:54:30.576715,0 days 00:00:01.779832,-0.9773347162454527,-0.9071742861263968,-0.3133409271721311,-0.43222951011209804,-0.09203891813559906,-0.5610331437659571,0.444399249884186,0.48212865660344545,-0.28111435685228503,-0.9147984070320139,1.443737382146164,-0.9962472055915671,1.2902576747014032,0.9834571857616718,9.448979591836734,8.5,0.08163265306122448,0.5612244897959183,0.2653061224489796,0.40816326530612246,98,92,COMPLETE
87,0.35714285714285715,2026-05-20 21:54:30.576865,2026-05-20 21:54:32.350181,0 days 00:00:01.773316,-1.0921859721863503,-0.44525710043915157,-0.09453873066145119,-0.5430649810828457,0.4027656432229088,-1.4495431496370066,0.07466302749045409,0.2402555600309295,0.26898465769567215,0.4502279679171236,1.060290865612399,-0.2293137385391681,-1.018864965753104,0.798927040279957,7.724489795918367,6.0,0.12244897959183673,0.6836734693877551,0.35714285714285715,0.4897959183673469,98,92,COMPLETE
88,0.32653061224489793,2026-05-20 21:54:32.350334,2026-05-20 21:54:34.134444,0 days 00:00:01.784110,-1.4248159831012632,-1.0461655222605912,0.24315599753460193,-1.3759328488832294,0.22268304925591056,-1.1256041673471766,0.021174748619802564,0.0372582531378636,0.39544964106361036,0.2469749156140542,1.356222541665418,-0.7625808875517273,-1.2642317348229055,-1.4710344407403264,9.53061224489796,8.0,0.08163265306122448,0.6428571428571429,0.32653061224489793,0.3673469387755102,98,92,COMPLETE
89,0.3673469387755102,2026-05-20 21:54:34.134598,2026-05-20 21:54:35.914834,0 days 00:00:01.780236,-0.9016049454376613,-1.157636226898292,-0.4784973447819787,-0.8071516899461842,-0.44371912604276537,-0.39704454225901537,0.17191215274882088,0.802095007549142,0.7596133501246028,0.5426037111977324,1.2477239461847205,-0.5772717828957559,-0.7816311208459682,1.1193077534210394,8.061224489795919,6.0,0.12244897959183673,0.6632653061224489,0.3673469387755102,0.47959183673469385,98,92,COMPLETE
90,0.336734693877551,2026-05-20 21:54:35.914973,2026-05-20 21:54:37.692319,0 days 00:00:01.777346,-0.6348003633190599,-0.5632747400009614,-1.0638200343144815,-1.208710835421569,-0.18745991294498662,-0.49807414916740045,-0.22221230807893322,0.3892178521821313,0.4394273532746481,0.36794387592473604,0.8363560094190817,-0.08723965291103108,-0.25851016989034103,1.0431572887574057,7.857142857142857,6.0,0.1326530612244898,0.7142857142857143,0.336734693877551,0.42857142857142855,98,92,COMPLETE
91,0.3469387755102041,2026-05-20 21:54:37.692469,2026-05-20 21:54:39.480846,0 days 00:00:01.788377,-1.350321511011429,-0.35180136799684303,-0.2588288137699122,-1.330704996632697,0.739574488435209,-0.7401668912237501,-0.051890153892577444,-0.06053770845336079,0.3754756415709365,-0.36894858212997617,1.1273799075134745,-0.40674017415478214,-0.8200843492840235,0.3101823217526838,8.857142857142858,7.0,0.061224489795918366,0.6530612244897959,0.3469387755102041,0.4387755102040816,98,92,COMPLETE
92,0.30612244897959184,2026-05-20 21:54:39.481000,2026-05-20 21:54:41.262027,0 days 00:00:01.781027,-1.3007741482581232,-0.685656513744186,-0.12536055543815275,0.056685488264276995,-0.5935209310305882,-0.514643457330795,-0.40611753137862566,-1.2268743495235617,0.6049462277066241,-0.17481162975293352,1.0734185315957123,0.10574879164137552,-0.9084191639718897,0.19246034276176155,8.60204081632653,6.0,0.11224489795918367,0.6632653061224489,0.30612244897959184,0.4489795918367347,98,92,COMPLETE
93,0.3163265306122449,2026-05-20 21:54:41.262191,2026-05-20 21:54:43.044854,0 days 00:00:01.782663,-1.2119270829535975,-0.21622832397576208,-0.6352770951949754,-1.457236863898648,0.963245852126783,-0.6072463342902921,-0.09462614882039092,-0.0220761878933146,0.6765598788437274,-0.455256272121794,0.9834057112278347,-0.716039176509697,0.17116461338575428,0.3900996192466553,9.377551020408163,8.0,0.08163265306122448,0.6122448979591837,0.3163265306122449,0.40816326530612246,98,92,COMPLETE
94,0.3673469387755102,2026-05-20 21:54:43.045015,2026-05-20 21:54:44.821638,0 days 00:00:01.776623,-0.3177676980337641,-0.6290806354719498,0.14014561334719178,-1.0979350015636649,-0.30511738032431285,-0.8778578260717713,-0.01695374458369267,-0.6108759009203124,0.517072865695859,-0.10757738132915579,1.1839811785500736,-0.43788742984556617,-0.697222440438116,0.5280223533702365,8.520408163265307,6.0,0.09183673469387756,0.6326530612244898,0.3673469387755102,0.4897959183673469,98,92,COMPLETE
95,0.336734693877551,2026-05-20 21:54:44.821790,2026-05-20 21:54:46.602255,0 days 00:00:01.780465,-1.3560922820502432,-0.7782954809982656,-0.18884054723765595,-1.2528221280767715,0.7043630924036225,-1.0111950108976142,1.0457090348804778,0.2943069266810885,0.10784154057929277,-0.2500908217150425,1.4923108224719033,-0.34592052530949474,-1.0769942148122535,0.07626792483322653,8.693877551020408,7.0,0.09183673469387756,0.6428571428571429,0.336734693877551,0.42857142857142855,98,92,COMPLETE
96,0.3979591836734694,2026-05-20 21:54:46.602410,2026-05-20 21:54:48.379624,0 days 00:00:01.777214,-1.4880179350996505,-0.9492307840339269,-0.3820565427532654,-0.9623462509686809,-0.009880384038573737,-0.1761474441823085,0.2982992530311712,0.20518548698871386,0.303237007473801,-0.002554151553589963,1.3183257316228825,-0.6631363073849835,-0.5169300994718955,0.43054713199288075,8.5,6.0,0.09183673469387756,0.6530612244897959,0.3979591836734694,0.4897959183673469,98,92,COMPLETE
97,0.3877551020408163,2026-05-20 21:54:48.379778,2026-05-20 21:54:50.156755,0 days 00:00:01.776977,-1.4994565048749813,-0.9809579041806161,-0.7867800083540439,-0.89047647745237,0.0006780523591315112,-0.1453240107696896,0.3210472731110326,0.18093944019622749,0.2707585459228128,0.1594933286253685,1.297199677805528,-0.5211920288160328,-0.47931326013657205,0.8780247827276462,8.224489795918368,5.0,0.08163265306122448,0.6632653061224489,0.3877551020408163,0.5102040816326531,98,92,COMPLETE
98,0.37755102040816324,2026-05-20 21:54:50.156905,2026-05-20 21:54:51.935912,0 days 00:00:01.779007,-1.493163541282614,-0.9423991849692974,-0.7775576557455033,-0.952462385016487,0.11316528496684342,-0.0304695178258228,0.630626290522216,0.20077397200215638,0.28795312752859964,0.009615551438103762,1.2824092683707615,-0.5225730521177763,-0.47569253711566556,0.6943529168694847,8.39795918367347,6.0,0.09183673469387756,0.6530612244897959,0.37755102040816324,0.4897959183673469,98,92,COMPLETE
99,0.3877551020408163,2026-05-20 21:54:51.936066,2026-05-20 21:54:53.720847,0 days 00:00:01.784781,-1.4225833752725405,0.06852082823703351,-0.38378805815912503,-1.0261691702657736,-0.07921298825800155,0.07388707301207242,0.41684867921501617,0.12676808005515527,0.46905505153142263,0.13828866769420978,1.4075706212338135,-0.654202971332466,-0.5755734501374141,0.8741896394758252,8.275510204081632,6.0,0.08163265306122448,0.6632653061224489,0.3877551020408163,0.4897959183673469,98,92,COMPLETE
100,0.19387755102040816,2026-05-20 21:54:53.721007,2026-05-20 21:54:55.501088,0 days 00:00:01.780081,-1.4172613272284365,0.4137829309398543,-0.40410556198589553,-1.040758829940498,-0.12415684210051194,0.0705809830496649,0.4105341210989712,0.16762247531596633,0.220175177415693,0.12674655427476303,-1.4941463778920252,-0.6412545617188692,-0.32463764923500693,0.8819510880253321,10.673469387755102,9.0,0.04081632653061224,0.5612244897959183,0.19387755102040816,0.3163265306122449,98,92,COMPLETE
101,0.40816326530612246,2026-05-20 21:54:55.501244,2026-05-20 21:54:57.276688,0 days 00:00:01.775444,-1.4375963955982802,0.02897711680328579,-0.5238374122376164,-1.1456140285026897,0.034634675333347006,0.179636715612423,0.5461249234069048,0.08834228563008512,0.4732600339184825,0.15233613649098968,1.4025475826479656,-0.2998776705844288,-0.5547992092686544,0.6344664728993983,7.86734693877551,5.0,0.12244897959183673,0.6530612244897959,0.40816326530612246,0.5204081632653061,98,92,COMPLETE
102,0.3877551020408163,2026-05-20 21:54:57.276854,2026-05-20 21:54:59.112358,0 days 00:00:01.835504,-1.1647216849900408,0.23925503658753094,-0.5754811578584962,-1.151885409496614,-0.013811926960087543,0.24646315146706244,0.5574335744249714,-0.15408757715483207,0.45153738849452957,0.18934162915503872,1.4253596087026388,-0.3026212381814888,-0.5627859563516111,0.6044496023180279,7.785714285714286,5.0,0.14285714285714285,0.6836734693877551,0.3877551020408163,0.5102040816326531,98,92,COMPLETE
103,0.37755102040816324,2026-05-20 21:54:59.112518,2026-05-20 21:55:00.890028,0 days 00:00:01.777510,-1.2503422766652719,0.10554546859873423,-0.6434347333344848,-1.1531531395503143,-0.03941274004977058,0.15137151468918836,0.6791458442958972,0.09400253895096879,0.42306653654811877,0.14867416207984985,1.305649998209447,-0.1954343681716651,-0.5544057246268237,0.492653739642649,7.8979591836734695,5.0,0.1326530612244898,0.6530612244897959,0.37755102040816324,0.5102040816326531,98,92,COMPLETE
104,0.37755102040816324,2026-05-20 21:55:00.890180,2026-05-20 21:55:02.666258,0 days 00:00:01.776078,-1.1641988739460527,0.25671774519722723,-0.569300316390346,-1.1197953039451,-0.3668181461290013,-0.1067539131829972,0.5011119309204333,-0.23240221239989434,0.4675685417206142,-0.06735670857052659,1.4127239272911623,-0.31114272359513234,-0.10297915817328035,0.780238680581157,8.081632653061224,6.0,0.12244897959183673,0.673469387755102,0.37755102040816324,0.46938775510204084,98,92,COMPLETE
105,0.3877551020408163,2026-05-20 21:55:02.666410,2026-05-20 21:55:04.446898,0 days 00:00:01.780488,-1.4944788725754885,0.03840630362022113,-0.5452899322506533,-1.2088195699115776,-0.2025477478283061,-0.17159300731076446,0.7886200252390454,-0.16323439266658935,0.5806946752932616,0.04893251733491255,1.2318017327804376,-0.2843161516302699,-0.24598304603568044,0.572630885002795,8.10204081632653,6.0,0.12244897959183673,0.673469387755102,0.3877551020408163,0.4897959183673469,98,92,COMPLETE
106,0.3673469387755102,2026-05-20 21:55:04.447057,2026-05-20 21:55:06.220878,0 days 00:00:01.773821,-1.4676599419207397,0.17549255680823228,-0.6988256918458243,-1.3547576193595883,0.24338048825510328,-0.16232070378081365,0.5058665328458485,-0.16251968780443515,0.3308525981775139,0.03203990371858988,1.2224401812971057,-0.12349154653733468,-0.5948899928500957,0.5926261393469127,7.8061224489795915,6.0,0.11224489795918367,0.7142857142857143,0.3673469387755102,0.4897959183673469,98,92,COMPLETE
107,0.3673469387755102,2026-05-20 21:55:06.221037,2026-05-20 21:55:07.994936,0 days 00:00:01.773899,-1.4072951266093168,0.03767515309746877,-0.3519278964862723,-1.2582256807001195,-0.007597405724044963,0.024707849019453054,0.8211629464254232,0.0285196541950542,0.518094288327001,0.07312147930620688,1.4835981538786005,-0.507457675348369,-0.4570956647813057,0.3775182525007181,8.459183673469388,6.0,0.11224489795918367,0.6530612244897959,0.3673469387755102,0.47959183673469385,98,92,COMPLETE
108,0.3979591836734694,2026-05-20 21:55:07.995089,2026-05-20 21:55:09.767438,0 days 00:00:01.772349,-1.3023904625034388,-0.09532807257312761,-0.44451809269823234,-1.1812649357126033,-0.20773814785026562,0.41298446610209455,0.8671622303642998,-0.4013166126893054,0.5504494749691539,-0.007785710553965403,1.42767931875736,-0.2725122094162695,-0.21997862173366983,0.6777000885070446,7.918367346938775,6.0,0.1326530612244898,0.7040816326530612,0.3979591836734694,0.45918367346938777,98,92,COMPLETE
109,0.3673469387755102,2026-05-20 21:55:09.767597,2026-05-20 21:55:11.534639,0 days 00:00:01.767042,-1.3291315769145626,0.2842934293392726,-0.4452727294731342,-1.024816186302184,0.17615110073728996,0.42552193655315645,0.5737096572225802,-0.5136869927560757,0.17448433484517212,0.2121869285960534,1.3116740682714207,-0.5848713009990254,-0.3711524185631127,0.6353450414356161,8.122448979591837,6.0,0.12244897959183673,0.673469387755102,0.3673469387755102,0.4897959183673469,98,92,COMPLETE
110,0.3673469387755102,2026-05-20 21:55:11.534795,2026-05-20 21:55:13.293688,0 days 00:00:01.758893,-1.1507147636510164,0.38018266742199147,-0.9902832390027454,-1.170667865774448,-0.08906494178721831,0.25017435357026185,1.0427871071953883,-0.6687222069155824,0.25065551910938244,-0.01697719506757293,1.4485175473037162,-0.34892353946511007,-0.5394128134674128,0.27418074898949774,8.561224489795919,6.0,0.09183673469387756,0.6326530612244898,0.3673469387755102,0.45918367346938777,98,92,COMPLETE
111,0.3469387755102041,2026-05-20 21:55:13.293845,2026-05-20 21:55:15.056558,0 days 00:00:01.762713,-1.2602735287882791,-0.1031866554552443,-0.282012667438317,-1.216505256591199,-0.21475163368557015,0.18513133436838394,0.874919393466495,-0.4445277096315787,0.5464908299273867,0.0946118310631164,1.2305098663264151,-0.2657457771622192,-0.21259173121419025,0.6758163654134152,7.6938775510204085,6.0,0.1326530612244898,0.7244897959183674,0.3469387755102041,0.47959183673469385,98,92,COMPLETE
112,0.37755102040816324,2026-05-20 21:55:15.056702,2026-05-20 21:55:16.814772,0 days 00:00:01.758070,-1.498950633995975,0.07626604466649003,-0.5657699630814447,-0.8532826530858709,-0.26875102207163903,-0.2867457909479141,0.5693508070192501,-0.35647289305320623,0.5988710787559898,-0.08706869457182284,1.3938917649369644,-0.03511994935281887,-0.20180346324538098,0.5834568168772877,7.8061224489795915,6.0,0.14285714285714285,0.6836734693877551,0.37755102040816324,0.46938775510204084,98,92,COMPLETE
113,0.37755102040816324,2026-05-20 21:55:16.814930,2026-05-20 21:55:18.581269,0 days 00:00:01.766339,-1.4148400876104934,0.728185721384982,-0.6181483273174239,-1.0878524213472425,0.08831434028242222,-0.19420517500782375,0.7796723100538848,-0.09600191424617799,0.43950415500867623,-0.21485437496720647,1.165414766128553,-0.2717270942737765,-0.0743675895806103,0.43721566524963495,8.418367346938776,6.0,0.11224489795918367,0.6530612244897959,0.37755102040816324,0.47959183673469385,98,92,COMPLETE
114,0.3469387755102041,2026-05-20 21:55:18.581426,2026-05-20 21:55:20.541800,0 days 00:00:01.960374,-1.2181532369915882,-0.053569261220050166,-0.5123070624132672,-1.2723598436596397,-0.3319116283370479,0.3305176861080031,0.6983627321943737,-0.2774539995858505,0.7046469659614106,-0.3153464824094928,1.3268061241697957,-0.7187997219815857,-0.6233058470195587,0.5287308847524291,8.96938775510204,7.0,0.09183673469387756,0.6020408163265306,0.3469387755102041,0.4489795918367347,98,92,COMPLETE
115,0.3469387755102041,2026-05-20 21:55:20.541977,2026-05-20 21:55:22.620665,0 days 00:00:02.078688,-1.3741997201330711,-0.014408119509061686,-0.4294654539140065,-1.4074055420872709,-0.13124239652046776,0.43586056073149243,0.3237474913927944,-0.7906230875381243,0.315531242781238,-0.0024021845451913937,1.2739463333910257,0.9830270725007766,-0.5091853082684165,0.773339214588193,7.714285714285714,6.0,0.17346938775510204,0.7448979591836735,0.3469387755102041,0.47959183673469385,98,92,COMPLETE
116,0.2755102040816326,2026-05-20 21:55:22.620824,2026-05-20 21:55:24.429792,0 days 00:00:01.808968,-1.3052356509790268,0.16833921503276855,-0.8630241232121518,-1.179380097583976,0.3075260806147746,0.5088028639246177,0.43625827007833623,0.10133409104995783,0.47468419623142655,0.18048643800456415,0.13636574857897754,-0.4616613651766451,-0.38801445963150466,0.9617874450783572,8.612244897959183,7.0,0.10204081632653061,0.6428571428571429,0.2755102040816326,0.42857142857142855,98,92,COMPLETE
117,0.3877551020408163,2026-05-20 21:55:24.429953,2026-05-20 21:55:26.198944,0 days 00:00:01.768991,-1.443250467146522,0.526842912375255,-0.5440207495279362,-0.9740328452666192,-0.012361881095604418,-0.05464630153025793,0.7741788599013921,-0.1563909731926868,0.391975839552316,0.25959524990771504,1.4235301484410159,-0.38041100110522974,-0.6979356061967245,0.8436427282251278,7.775510204081633,5.0,0.12244897959183673,0.6632653061224489,0.3877551020408163,0.5204081632653061,98,92,COMPLETE
118,0.35714285714285715,2026-05-20 21:55:26.199102,2026-05-20 21:55:27.954579,0 days 00:00:01.755477,-1.0677077572487763,0.31953050137483135,-0.7257600482994591,-1.0751653725612136,0.11106175835286396,0.08451813001851327,0.9799728551287111,-0.45160659155568483,0.8407965446207697,0.13273436001638222,1.370220506848282,-0.6485791498139355,-0.45084518788190553,0.32610672363784327,8.5,6.0,0.10204081632653061,0.6530612244897959,0.35714285714285715,0.46938775510204084,98,92,COMPLETE
119,0.35714285714285715,2026-05-20 21:55:27.954749,2026-05-20 21:55:29.720468,0 days 00:00:01.765719,-1.2459174115331384,0.02915083344899888,-0.7715753255388824,1.1313562133158688,-0.052679433588170094,0.27811145362607836,0.8848739173618916,-0.00955786465066738,0.6035921942006075,-0.12979246548368586,1.018983548171947,-0.578833971767509,-0.27500944672185823,0.7041800044533313,8.744897959183673,6.0,0.08163265306122448,0.6428571428571429,0.35714285714285715,0.4897959183673469,98,92,COMPLETE
120,0.3877551020408163,2026-05-20 21:55:29.720628,2026-05-20 21:55:31.474678,0 days 00:00:01.754050,-1.3442577888654854,0.472244638146176,-0.3780278002392789,-0.8942135479248966,-0.2000005724218074,-0.27729283590966,1.1553636826336402,-0.35893719595150625,0.5284987250951405,0.05042583463881137,1.1817683562719066,-0.13199333736729177,-0.761756038164197,0.6423651664620993,7.724489795918367,5.5,0.11224489795918367,0.673469387755102,0.3877551020408163,0.5,98,92,COMPLETE
121,0.40816326530612246,2026-05-20 21:55:31.474840,2026-05-20 21:55:33.248074,0 days 00:00:01.773234,-1.44135701586944,0.5735949444028832,-0.5448683529459643,-1.009500245805942,0.004084813513929964,-0.040904516205553576,0.58522881408651,-0.1408579967975052,0.39414195558431775,0.2797630354330513,1.4279215926987114,-0.3850061170293361,-0.694130721788681,0.8011313125192892,7.775510204081633,5.0,0.12244897959183673,0.673469387755102,0.40816326530612246,0.5102040816326531,98,92,COMPLETE
122,0.37755102040816324,2026-05-20 21:55:33.248233,2026-05-20 21:55:35.006086,0 days 00:00:01.757853,-1.4473557192308353,-0.11972689975527584,-0.46023186559996815,-1.1341141635634124,-0.1628579701827784,-0.1373300720574633,0.6500154091650927,-0.07279274896385349,0.3734501492040892,0.3181753895216887,1.4858728499185507,-0.2913782840584543,0.0055895783611142336,0.753487440688815,7.591836734693878,5.5,0.12244897959183673,0.7346938775510204,0.37755102040816324,0.5,98,92,COMPLETE
123,0.3979591836734694,2026-05-20 21:55:35.006235,2026-05-20 21:55:36.769918,0 days 00:00:01.763683,-1.4987482678826474,1.0409688623791427,-0.6633731982136739,-1.2840914051408052,0.047232206690695985,0.011459896346120907,0.5185156200397184,0.14611150735526185,0.4656471313166896,0.20346359384695345,1.2430683145453274,-0.50370230042366,-0.5712528399174371,0.8259208169547244,8.112244897959183,5.5,0.10204081632653061,0.6428571428571429,0.3979591836734694,0.5,98,92,COMPLETE
124,0.3979591836734694,2026-05-20 21:55:36.770071,2026-05-20 21:55:38.524240,0 days 00:00:01.754169,-1.3912178952280165,1.0931359662025517,-0.6694395942727165,-1.2974696219120587,0.06540138482034766,0.041672434807295405,0.5381123232707536,0.1716128178286862,0.3075611939946996,0.20090693628147804,1.3522841468360094,-0.5232476960586594,-0.6560682594856048,0.9147338468139105,8.13265306122449,5.5,0.09183673469387756,0.6530612244897959,0.3979591836734694,0.5,98,92,COMPLETE
125,0.3979591836734694,2026-05-20 21:55:38.524391,2026-05-20 21:55:40.282910,0 days 00:00:01.758519,-1.365435355509134,1.3534075267075694,-0.6615507259218456,0.5822564420586164,0.0641094017976081,0.03185173145583013,0.3757860299451398,0.17574787356280597,0.14100167068931396,0.2957578043544763,1.335745416436065,-0.5149824396893161,-0.663001232033739,0.9015148676758783,8.061224489795919,5.0,0.09183673469387756,0.6530612244897959,0.3979591836734694,0.5102040816326531,98,92,COMPLETE
126,0.3979591836734694,2026-05-20 21:55:40.283058,2026-05-20 21:55:42.044630,0 days 00:00:01.761572,-1.388538887733685,1.1771333301180815,-0.6650847390604355,0.6199612644930516,0.06746644893568793,0.019061587831658344,0.22568195815725803,0.18378408860089904,0.05814161319760111,0.29549524125627613,1.1516607796920169,-0.4650238460255182,-0.6452061916395384,0.992870878191392,8.020408163265307,5.0,0.08163265306122448,0.6632653061224489,0.3979591836734694,0.5204081632653061,98,92,COMPLETE
127,0.37755102040816324,2026-05-20 21:55:42.044770,2026-05-20 21:55:43.798001,0 days 00:00:01.753231,-1.3073510841099896,1.1688208845546004,-0.6630205210805276,0.5191556692280594,0.1768164902219095,-0.03815388651269608,0.37151261609439096,0.05261792749462195,0.14242011584888975,0.2773285569811894,1.1154712279244479,-0.4309688198718238,-0.6826806817693571,1.005260544638396,7.969387755102041,5.0,0.08163265306122448,0.6632653061224489,0.37755102040816324,0.5102040816326531,98,92,COMPLETE
128,0.32653061224489793,2026-05-20 21:55:43.798151,2026-05-20 21:55:45.558733,0 days 00:00:01.760582,-1.3740039881675028,1.3386157388022257,-0.8692195902051797,0.37203703657783693,0.118137013740533,0.15027121858778958,0.23513714083565448,0.3333237883395633,-0.08714001414467076,0.3379539482009638,0.9180432862873258,-0.7781035703515219,-0.8784586669927006,0.9320552353010423,8.326530612244898,6.0,0.11224489795918367,0.6836734693877551,0.32653061224489793,0.45918367346938777,98,92,COMPLETE
