number,value,datetime_start,datetime_complete,duration,params_ours_area_inv,params_ours_late_aggression,params_ours_mean_dist_all,params_ours_n_cross,params_ours_prod,params_ours_ships,params_ours_wnn_close_res,params_tgt_area_inv,params_tgt_late_aggression,params_tgt_mean_dist_all,params_tgt_n_cross,params_tgt_prod,params_tgt_ships,params_tgt_wnn_close_res,user_attrs_mean_rank,user_attrs_median_rank,user_attrs_top1,user_attrs_top10,user_attrs_top3,user_attrs_top5,user_attrs_total_attack,user_attrs_total_reinforce,state
0,0.2653061224489796,2026-05-20 21:51:56.773725,2026-05-20 21:51:58.554862,0 days 00:00:01.781137,-0.3763796434579125,-1.3257491634954017,0.6959818254342153,-1.0320164389913922,0.2959754525911098,-1.0319440786726903,1.3521429192297485,1.0985284373248057,-0.8629826679651715,0.6242177333881365,0.9973279224012652,-1.4382465171125927,1.409729556485983,0.3033450352296264,8.938775510204081,7.0,0.09183673469387756,0.6836734693877551,0.2653061224489796,0.37755102040816324,98,92,COMPLETE
1,0.1836734693877551,2026-05-20 21:51:58.555049,2026-05-20 21:52:00.329166,0 days 00:00:01.774117,-0.9545250983786981,0.3355586841671384,-0.5872732711213868,-0.6263125794058743,0.07426929489671352,-0.2041649440736527,-0.9497864704396985,-1.0815184180438746,0.042703315240834816,-0.4009144701189249,-0.9009786535249208,-0.13179004734889221,0.8555278841790408,-0.6235660543943455,11.36734693877551,9.0,0.07142857142857142,0.5408163265306123,0.1836734693877551,0.2857142857142857,98,92,COMPLETE
2,0.1326530612244898,2026-05-20 21:52:00.329325,2026-05-20 21:52:02.074108,0 days 00:00:01.744783,0.2772437065861274,1.396896099223678,0.3226345557043151,1.3466566117599998,-0.9884276289381254,-1.3048452210441615,-1.360648761840007,0.9251920443493834,-0.014469269666189444,-1.2069836579808484,-1.1338852954656635,0.5526990795364707,-0.1795425187811961,-0.5861586924798879,11.846938775510203,11.0,0.05102040816326531,0.45918367346938777,0.1326530612244898,0.19387755102040816,98,92,COMPLETE
3,0.2653061224489796,2026-05-20 21:52:02.074281,2026-05-20 21:52:03.817789,0 days 00:00:01.743508,-1.3968344366543448,0.14013083802983894,-0.7236600551999492,0.06020406353343244,0.4875668530619459,-0.5648667717317671,1.2279612062363463,-0.9454366334234189,1.2656227050693505,0.8253984700833437,0.2936999364332554,1.3184968246925672,1.1844820512829464,1.4087538832936757,8.357142857142858,6.0,0.12244897959183673,0.6530612244897959,0.2653061224489796,0.45918367346938777,98,92,COMPLETE
4,0.22448979591836735,2026-05-20 21:52:03.817949,2026-05-20 21:52:05.560102,0 days 00:00:01.742153,-1.2345224938442416,0.986212527455788,-1.3643181332683858,-0.6859529046783123,-0.524009007710207,-0.333968130931554,-0.9120514127425644,-0.42974001991923216,1.4606608098015519,0.1280882494747454,-1.2763480689606874,-1.077227325075712,0.906590942262119,-0.6571964709378577,11.020408163265307,9.0,0.061224489795918366,0.5714285714285714,0.22448979591836735,0.3469387755102041,98,92,COMPLETE
5,0.1836734693877551,2026-05-20 21:52:05.560257,2026-05-20 21:52:07.295886,0 days 00:00:01.735629,0.8167343078899723,0.8138110400578372,-1.4834336486291928,0.6870215041229619,0.9463842853645025,0.6205720315428513,-0.9038529553974828,-1.277866044797729,-1.3093249491419292,-1.1523928214246109,-0.5073059254420524,1.0893102776267805,0.36989438048267376,-0.42460281436718217,10.76530612244898,9.5,0.07142857142857142,0.5408163265306123,0.1836734693877551,0.29591836734693877,98,92,COMPLETE
6,0.3163265306122449,2026-05-20 21:52:07.296035,2026-05-20 21:52:09.028329,0 days 00:00:01.732294,-0.5670530348530134,-1.141217262185095,0.6888185350141922,-0.08335522451415212,0.41267241406563937,1.1616382277289796,-0.5244500339197589,0.639734361668985,-0.2173769449243511,0.1838315927084887,0.06819848814598217,0.812901539863683,-0.01861321090682777,0.7823551458506923,8.244897959183673,7.0,0.14285714285714285,0.6836734693877551,0.3163265306122449,0.4489795918367347,98,92,COMPLETE
7,0.23469387755102042,2026-05-20 21:52:09.028488,2026-05-20 21:52:10.770585,0 days 00:00:01.742097,-1.4237426197677143,1.222699421778279,-1.4057124429397971,0.025712073494108312,0.4092312337913412,-0.55693205677102,-1.1763257190200866,-0.7521233125533752,-1.0163361382379867,0.766653415629146,-0.6307456412586959,-0.8136055035251326,-1.269060270513621,-0.2688512308931108,9.806122448979592,8.0,0.10204081632653061,0.6122448979591837,0.23469387755102042,0.3469387755102041,98,92,COMPLETE
8,0.23469387755102042,2026-05-20 21:52:10.770741,2026-05-20 21:52:12.511088,0 days 00:00:01.740347,1.2890929570277192,1.1776769954699333,0.4002112695312704,-0.9402898233418925,1.1143817705631531,0.9110162306973434,0.9243611386932509,0.11802672574695217,-0.21867663412123106,1.1882738997704796,-0.816194512374175,-0.5459895750844084,-1.1698442264169697,0.9223204654921876,8.744897959183673,7.0,0.061224489795918366,0.673469387755102,0.23469387755102042,0.3877551020408163,98,92,COMPLETE
9,0.22448979591836735,2026-05-20 21:52:12.511233,2026-05-20 21:52:14.248706,0 days 00:00:01.737473,0.9540442977674793,-1.1404038979989517,-1.479143608406428,-0.8336765685878093,0.032241907732697195,-0.24776699055366302,1.0821917497690303,-0.48715448578911613,1.415346248162882,-0.5303912039377343,-0.40911119286211806,0.056371865230098295,0.6090568766855335,1.3287291117375575,9.795918367346939,9.5,0.07142857142857142,0.5612244897959183,0.22448979591836735,0.35714285714285715,98,92,COMPLETE
10,0.1836734693877551,2026-05-20 21:52:14.248880,2026-05-20 21:52:15.987778,0 days 00:00:01.738898,1.3873418848263337,0.32869300193969053,-0.008254482322843648,-1.3893391579364016,-0.597365070549691,-0.6454785168675972,-0.7446531125239075,0.008037069686584464,-0.031641719167310955,-0.6640606072901657,-1.0653153837263307,1.224797657899961,-0.7813143279990827,-1.3455637462500318,10.948979591836734,10.0,0.061224489795918366,0.5102040816326531,0.1836734693877551,0.25510204081632654,98,92,COMPLETE
11,0.11224489795918367,2026-05-20 21:52:15.987929,2026-05-20 21:52:17.722981,0 days 00:00:01.735052,1.456951362331802,-0.3966506018422403,0.5164066422176357,0.6846490458355787,0.7848588459861527,-0.787087368022801,-0.7738341854654988,0.39691749178073843,-0.9404444688004373,0.10732405222427543,-0.5376598050847925,-1.229130689836775,1.0059074867677138,0.4005891322826841,10.53061224489796,9.0,0.030612244897959183,0.5918367346938775,0.11224489795918367,0.2653061224489796,98,92,COMPLETE
12,0.2653061224489796,2026-05-20 21:52:17.723131,2026-05-20 21:52:19.460161,0 days 00:00:01.737030,-1.3776745753357083,0.4355183712283496,0.5326930855268472,-0.8205126744061861,-1.4502365132164314,0.036279174897842936,0.27267882956472544,-0.9769007129850257,-1.1595794362782328,-0.3397939610983878,-0.47680094684922447,1.3101899662102037,-1.0874371675620202,0.5728132143073978,9.63265306122449,8.5,0.08163265306122448,0.6122448979591837,0.2653061224489796,0.336734693877551,98,92,COMPLETE
13,0.24489795918367346,2026-05-20 21:52:19.460304,2026-05-20 21:52:21.204619,0 days 00:00:01.744315,1.2740808548356883,0.08895173506801946,-0.7261751168545332,0.165602434798387,0.4799521381025371,0.9516666006036475,1.132018060142943,-0.774443127298645,-0.45237127616201733,1.1916472738599801,-0.48291062685389796,1.2012541714899914,0.3993043718198038,-1.2206916965823025,9.63265306122449,9.0,0.12244897959183673,0.5816326530612245,0.24489795918367346,0.32653061224489793,98,92,COMPLETE
14,0.14285714285714285,2026-05-20 21:52:21.204772,2026-05-20 21:52:22.967090,0 days 00:00:01.762318,0.6778670366107181,-1.0151138577161587,1.161259272795352,-1.2475801050148534,0.8396266375728716,0.4260949384628633,1.1913307798577313,1.1956625655812378,-1.017575845747504,-1.472408845150111,-1.484815248461344,-1.1955853714019038,0.4905053073241674,0.3192871789787698,11.510204081632653,9.5,0.030612244897959183,0.5306122448979592,0.14285714285714285,0.25510204081632654,98,92,COMPLETE
15,0.2755102040816326,2026-05-20 21:52:22.967246,2026-05-20 21:52:24.704772,0 days 00:00:01.737526,0.14620136809975837,-0.5238009055221968,0.4558837785078016,-0.7882527375095998,-0.8271920716183206,0.6365376640426076,0.5756855930780798,0.7394742153540724,-0.39685259082169944,1.0476702314825337,-1.2189756965157226,0.4728386769010301,0.20492581000641485,0.448898697141644,8.86734693877551,8.0,0.09183673469387756,0.6326530612244898,0.2755102040816326,0.40816326530612246,98,92,COMPLETE
16,0.14285714285714285,2026-05-20 21:52:24.704918,2026-05-20 21:52:26.441587,0 days 00:00:01.736669,-0.7043928969548237,0.8844339106249453,1.4190316642573366,0.3934158779917887,-0.3207068259997188,1.1761396655313399,-0.7680310698627493,0.007911279315576336,-1.4270521007056385,-0.0224469185434083,-0.6576829126774326,-0.9142710366058665,0.667356345784516,0.23071165387907733,10.908163265306122,9.0,0.030612244897959183,0.5612244897959183,0.14285714285714285,0.2755102040816326,98,92,COMPLETE
17,0.2755102040816326,2026-05-20 21:52:26.441746,2026-05-20 21:52:28.179991,0 days 00:00:01.738245,0.43641688772150344,-1.4536301504133977,1.3213757530587429,-0.3895238992336668,1.3617857310077621,1.2445931706613456,-0.9686679617788532,1.2849556877631763,-0.3447068141942242,1.3999644571310088,-0.6166533237912429,1.3908599312677585,1.0590283664020803,-0.21544755504805702,8.459183673469388,8.0,0.12244897959183673,0.6632653061224489,0.2755102040816326,0.40816326530612246,98,92,COMPLETE
18,0.30612244897959184,2026-05-20 21:52:28.180136,2026-05-20 21:52:29.917009,0 days 00:00:01.736873,1.0534100145505707,0.2101835102680949,-0.9915217599417225,0.588089390024919,0.17040378737505046,1.308464322482343,-0.549233984531167,-1.2084705186876943,0.7223058532626133,1.4701615503127898,1.1321192157838662,-1.0797479542904278,0.05498895709121021,0.3450216800975092,7.8061224489795915,6.0,0.10204081632653061,0.7653061224489796,0.30612244897959184,0.4489795918367347,98,92,COMPLETE
19,0.2857142857142857,2026-05-20 21:52:29.917150,2026-05-20 21:52:31.647665,0 days 00:00:01.730515,0.5910472229858039,1.101216955740311,-0.4215265463407345,0.9303401840375423,-0.6192244672065199,0.9280834664355408,0.6074522519613278,1.239721657669414,0.8873780083083032,0.004548884061598812,0.60590063177311,0.8948855369003255,0.44989179233329546,0.03402719658281339,8.346938775510203,7.0,0.1326530612244898,0.673469387755102,0.2857142857142857,0.40816326530612246,98,92,COMPLETE
20,0.37755102040816324,2026-05-20 21:52:31.647807,2026-05-20 21:52:33.394808,0 days 00:00:01.747001,-0.18103705772788414,-0.3003724630773975,-0.007923077682974783,-0.3280587210096834,-0.18179700924508724,1.4507981233144753,-0.22011067052545313,0.4582579453784359,0.5795039959647207,0.4311382098714701,1.3619327399663246,-0.2133538119455467,-0.2783247900585089,0.8508888634470504,7.836734693877551,5.5,0.14285714285714285,0.673469387755102,0.37755102040816324,0.5,98,92,COMPLETE
21,0.3673469387755102,2026-05-20 21:52:33.394958,2026-05-20 21:52:35.139200,0 days 00:00:01.744242,-0.2441413245040862,-0.376080146770283,0.9046049708123373,-0.3372173878081174,-0.16991787928675342,1.4139373314970323,-0.29838643960955386,0.5686098033619266,0.5215924468215063,0.4580436006749428,1.429258357765176,-0.39649114894579385,-0.26140780206345643,0.8949392388295417,7.908163265306122,6.0,0.14285714285714285,0.6836734693877551,0.3673469387755102,0.47959183673469385,98,92,COMPLETE
22,0.3469387755102041,2026-05-20 21:52:35.139347,2026-05-20 21:52:36.888338,0 days 00:00:01.748991,-0.20999222407720985,-0.42759386049118586,0.8997676509051351,-0.2614428646986914,-0.24922617501749839,1.3847517107252714,-0.2799530811376804,0.5565138243868027,0.45368379312689755,0.3620466297680405,1.4986314216511094,-0.15396442146686526,-0.3185563530906583,1.1237987856673408,7.8979591836734695,6.0,0.11224489795918367,0.6836734693877551,0.3469387755102041,0.46938775510204084,98,92,COMPLETE
23,0.336734693877551,2026-05-20 21:52:36.888487,2026-05-20 21:52:38.637826,0 days 00:00:01.749339,-0.16465590054944068,-0.33518797629821,-0.016665640841505583,-0.3584964026376159,-0.23185734665527236,1.4963334220320166,-0.09383214164180884,0.423939795255838,0.41840539881263294,0.4710596731984172,1.4593563760740305,0.005268618894952393,-0.4042196777913778,1.0507542351410482,7.663265306122449,6.0,0.1326530612244898,0.7142857142857143,0.336734693877551,0.47959183673469385,98,92,COMPLETE
24,0.3673469387755102,2026-05-20 21:52:38.637984,2026-05-20 21:52:40.384600,0 days 00:00:01.746616,-0.12098615477039558,-0.7187275626110178,1.0216115751849357,-0.3153074653670817,-0.2081755768650195,1.4872024929895964,-0.1568871266088634,0.29892253325887264,0.4337608319421084,0.4072831697871845,1.4976666645243313,-0.366766826125243,-0.5448712675692936,1.1608134863439163,7.826530612244898,6.0,0.12244897959183673,0.6632653061224489,0.3673469387755102,0.47959183673469385,98,92,COMPLETE
25,0.37755102040816324,2026-05-20 21:52:40.384758,2026-05-20 21:52:42.134306,0 days 00:00:01.749548,-0.14691670222310127,-0.7657483981713453,0.9882295985484508,-0.42988809087578705,-1.0669198318604003,0.22861114179559022,0.12657963740665767,0.24018849713437326,0.3545518119397544,0.3490921832051967,1.1353062546614476,-0.498987048965789,-0.6526525875276932,0.7294252949719278,7.959183673469388,5.0,0.1326530612244898,0.6632653061224489,0.37755102040816324,0.5204081632653061,98,92,COMPLETE
26,0.3673469387755102,2026-05-20 21:52:42.134457,2026-05-20 21:52:43.882167,0 days 00:00:01.747710,0.1309179323992235,-0.12765828841018367,-0.2252294909549233,-0.4997997807729049,-1.404563997174047,0.3230973963372554,0.12121393012739509,-0.3045640346367491,0.7666735092583149,-0.22301211517965575,1.0982416776143749,-0.5381460020086439,-0.7739673967735244,0.6469386507523892,8.561224489795919,6.0,0.09183673469387756,0.6326530612244898,0.3673469387755102,0.47959183673469385,98,92,COMPLETE
27,0.3469387755102041,2026-05-20 21:52:43.882314,2026-05-20 21:52:45.634215,0 days 00:00:01.751901,-0.45892843858649623,-0.8381955197958791,0.2135109988329745,0.34307326873034905,-1.1341367975697976,0.1395446623568426,0.3895626929260778,-0.20027907720482152,1.0377230775725699,0.9071494176342049,0.7767590812840761,0.23524015025979278,-0.7082240687043974,0.8522598323200649,7.510204081632653,6.0,0.17346938775510204,0.7448979591836735,0.3469387755102041,0.47959183673469385,98,92,COMPLETE
28,0.3163265306122449,2026-05-20 21:52:45.634379,2026-05-20 21:52:47.385737,0 days 00:00:01.751358,-0.6795042979015884,-0.669844472962554,0.8614485489971878,-0.16685717261537833,-1.093634150190036,0.5819137261386159,-0.3719165543400756,0.8931472124298421,0.2274048592401511,0.5935460778930187,1.2209456264706602,-0.4015959771714348,-1.4741678109524903,1.4978804312513172,8.071428571428571,6.0,0.09183673469387756,0.6836734693877551,0.3163265306122449,0.4489795918367347,98,92,COMPLETE
29,0.32653061224489793,2026-05-20 21:52:47.385898,2026-05-20 21:52:49.139625,0 days 00:00:01.753727,-0.35191175258770113,-0.15257927389189108,1.1305440902794324,-1.1901482438186521,-0.8065738318935916,-1.1409984761960164,1.4982404822630557,1.4486768747007757,0.574766541075612,0.6976546956883399,0.8374653154327382,-1.4723427230107107,-0.9497387543461884,0.08114908959962414,9.061224489795919,8.0,0.09183673469387756,0.6224489795918368,0.32653061224489793,0.4489795918367347,98,92,COMPLETE
30,0.30612244897959184,2026-05-20 21:52:49.139788,2026-05-20 21:52:50.929489,0 days 00:00:01.789701,-1.0457805003773952,-0.1570043081584618,0.1409999757889235,-0.5323776710961391,-1.2574582224089665,0.8666887996131831,0.21332803209709778,0.13919465253923285,0.22224446596253233,0.29513844589397775,0.38443059425701287,-0.6250007247217617,-0.15962316831734652,0.6929995692820468,8.448979591836734,7.0,0.10204081632653061,0.673469387755102,0.30612244897959184,0.45918367346938777,98,92,COMPLETE
31,0.3469387755102041,2026-05-20 21:52:50.929660,2026-05-20 21:52:52.809601,0 days 00:00:01.879941,-0.11491462960242621,-0.740933872768373,0.9984527991923164,-0.2247687594618078,-0.11483624576055722,1.4804891515226106,-0.08853053290893767,0.3284804106224861,1.0361443532727825,0.44107718792298267,1.3023660977958893,-0.34152315850660225,-0.49873033002074985,1.2229281815936404,7.948979591836735,6.0,0.12244897959183673,0.673469387755102,0.3469387755102041,0.4387755102040816,98,92,COMPLETE
32,0.35714285714285715,2026-05-20 21:52:52.809855,2026-05-20 21:52:54.610543,0 days 00:00:01.800688,-0.0010988022548474835,-0.8811725185724437,0.7276298125364342,-0.4365947599608994,-0.48310828277867635,1.0616330477188334,-0.29925664131217417,0.3396593217705649,0.28385486221184986,0.5129249364557206,0.9269559186684102,-0.2558820551414077,-0.5241978364714365,1.0253960987369288,7.887755102040816,6.0,0.12244897959183673,0.6836734693877551,0.35714285714285715,0.4489795918367347,98,92,COMPLETE
33,0.3673469387755102,2026-05-20 21:52:54.610697,2026-05-20 21:52:56.448034,0 days 00:00:01.837337,-0.2900472022810376,-0.5025389779988565,1.2350760613290237,-0.620904643276688,0.15478184177573942,0.8099978134304071,0.012551238307749124,0.8219234617504607,0.5875825916732629,0.2714140514147566,1.2791666813927407,-0.7501031307499962,-0.6525012532721104,1.2589801183341611,8.418367346938776,6.0,0.08163265306122448,0.673469387755102,0.3673469387755102,0.4489795918367347,98,92,COMPLETE
34,0.3469387755102041,2026-05-20 21:52:56.448190,2026-05-20 21:52:58.218554,0 days 00:00:01.770364,0.3644227012512004,-0.28123643526799946,1.4769838503509773,-1.0462882660989075,-0.06807065362382364,-1.4298373920988912,-0.222451028344491,1.0377642071373108,-0.702770984724524,-0.0798725887801251,1.3464452311315496,0.22987252737325625,-0.27563621692557544,0.8987795383858165,8.33673469387755,7.0,0.12244897959183673,0.6632653061224489,0.3469387755102041,0.4387755102040816,98,92,COMPLETE
35,0.2857142857142857,2026-05-20 21:52:58.218704,2026-05-20 21:53:00.038957,0 days 00:00:01.820253,-0.8630256518668643,-0.6127807896991697,0.688015777348354,0.12994644718400344,-0.8359661101089373,1.3212344873978732,-0.4912732148052793,0.20672128036078238,0.10487680014465117,0.6556583155190334,0.5964328210407023,-0.17032219356065917,1.4758693960897444,0.5297901782128421,8.408163265306122,8.0,0.08163265306122448,0.6428571428571429,0.2857142857142857,0.42857142857142855,98,92,COMPLETE
36,0.336734693877551,2026-05-20 21:53:00.039116,2026-05-20 21:53:01.787045,0 days 00:00:01.747929,0.11531685199284647,0.6235392759022743,0.9987030775715302,-0.02937119060817972,-0.4002325145182457,1.0890465723528304,0.39160033378158926,0.5645839280951821,0.44881314883173423,-0.17245275825401046,1.0419183476559546,-0.46441541523344837,-0.1747847280429433,1.1407986582714627,8.73469387755102,6.5,0.12244897959183673,0.6428571428571429,0.336734693877551,0.45918367346938777,98,92,COMPLETE
37,0.336734693877551,2026-05-20 21:53:01.787188,2026-05-20 21:53:03.546402,0 days 00:00:01.759214,-0.4745008306381353,-0.9829518543361919,-0.24772505647972148,-0.6458950731818367,0.6582715738218654,1.4959227976778582,-0.030971713035800708,0.6451774020225418,1.0469114314445969,0.9522982187987872,1.4455621894391444,-0.6968052500000315,0.05242687907053911,1.392377465333596,7.908163265306122,6.0,0.12244897959183673,0.7040816326530612,0.336734693877551,0.45918367346938777,98,92,COMPLETE
38,0.336734693877551,2026-05-20 21:53:03.546555,2026-05-20 21:53:05.296034,0 days 00:00:01.749479,-0.025345095121202546,-1.2325974858043824,0.2494060467904633,0.2502520596785931,0.20003709017334764,0.7333615442036359,0.1105057818207636,-0.17629099874759419,-0.003181239173244088,0.2239712173371634,0.7084711164352953,0.16199267908101722,-0.9369142945492017,0.7470558652877732,7.6938775510204085,5.5,0.1326530612244898,0.7244897959183674,0.336734693877551,0.5,98,92,COMPLETE
39,0.32653061224489793,2026-05-20 21:53:05.296179,2026-05-20 21:53:07.046729,0 days 00:00:01.750550,0.2666701117214149,-0.041363536910857146,0.7510892563458391,-0.13041847403724402,-0.681525370147587,0.27326251256588563,0.7158382044348456,0.5013593458397811,0.7958167849488238,0.5664990672273054,-0.2148587322622233,0.4641818753853194,-0.5548076692230886,1.006436032852124,8.183673469387756,7.0,0.12244897959183673,0.6836734693877551,0.32653061224489793,0.4387755102040816,98,92,COMPLETE
40,0.30612244897959184,2026-05-20 21:53:07.046902,2026-05-20 21:53:08.809830,0 days 00:00:01.762928,-0.5981176669271446,-0.7921570569036391,-0.2044681327389566,1.3301385449566736,-0.16737771221557135,-0.12687769944421595,-0.4269510940763157,0.22555340557417242,0.6322298438186343,-0.7839557282582403,0.9864892795573694,-0.9014723915687164,0.20303789592271987,0.7952048808672325,9.306122448979592,8.0,0.07142857142857142,0.6122448979591837,0.30612244897959184,0.40816326530612246,98,92,COMPLETE
41,0.35714285714285715,2026-05-20 21:53:08.809973,2026-05-20 21:53:10.565804,0 days 00:00:01.755831,0.1173002871399218,-0.21221834290707486,-0.40742763860052333,-0.4725628837543947,-1.4733963324841537,0.35395178027280205,-0.15269220965268704,-0.18499579998020244,0.8851805125681513,-0.3899034820315768,1.098062777363078,-0.5068237930346765,-0.9115777768285809,0.6717450284555426,8.693877551020408,7.0,0.07142857142857142,0.6530612244897959,0.35714285714285715,0.45918367346938777,98,92,COMPLETE
